# JRE version: Java(TM) SE Runtime Environment (8.0_40-b25) (build 1.8.0_40-b25)
# Java VM: Java HotSpot(TM) 64-Bit Server VM (25.40-b25 mixed mode linux-amd64 compressed oops)
Heap:
 PSYoungGen      total 133120K, used 9860K [0x00000000d8980000, 0x00000000e2080000, 0x0000000100000000)
  eden space 117248K, 0% used [0x00000000d8980000,0x00000000d8980000,0x00000000dfc00000)
  from space 15872K, 62% used [0x00000000dfc00000,0x00000000e05a11b0,0x00000000e0b80000)
  to   space 10240K, 0% used [0x00000000e0b80000,0x00000000e0b80000,0x00000000e1580000)
 ParOldGen       total 81920K, used 18935K [0x0000000089c00000, 0x000000008ec00000, 0x00000000d8980000)
  object space 81920K, 23% used [0x0000000089c00000,0x000000008ae7de70,0x000000008ec00000)
 Metaspace       used 20811K, capacity 21178K, committed 21296K, reserved 1069056K
  class space    used 2523K, capacity 2645K, committed 2688K, reserved 1048576K
GC Heap History (10 events):
Event: 1.565 GC heap after
Heap after GC invocations=2 (full 0):
 PSYoungGen      total 35840K, used 5110K [0x00000000d8980000, 0x00000000dcf80000, 0x0000000100000000)
  eden space 30720K, 0% used [0x00000000d8980000,0x00000000d8980000,0x00000000da780000)
  from space 5120K, 99% used [0x00000000dac80000,0x00000000db17db90,0x00000000db180000)
  to   space 5120K, 0% used [0x00000000da780000,0x00000000da780000,0x00000000dac80000)
 ParOldGen       total 81920K, used 2011K [0x0000000089c00000, 0x000000008ec00000, 0x00000000d8980000)
  object space 81920K, 2% used [0x0000000089c00000,0x0000000089df6ff8,0x000000008ec00000)
 Metaspace       used 11617K, capacity 11822K, committed 12160K, reserved 1060864K
  class space    used 1476K, capacity 1573K, committed 1664K, reserved 1048576K
}
Event: 2.429 GC heap before
{Heap before GC invocations=3 (full 0):
 PSYoungGen      total 35840K, used 35830K [0x00000000d8980000, 0x00000000dcf80000, 0x0000000100000000)
  eden space 30720K, 100% used [0x00000000d8980000,0x00000000da780000,0x00000000da780000)
  from space 5120K, 99% used [0x00000000dac80000,0x00000000db17db90,0x00000000db180000)
  to   space 5120K, 0% used [0x00000000da780000,0x00000000da780000,0x00000000dac80000)
 ParOldGen       total 81920K, used 2011K [0x0000000089c00000, 0x000000008ec00000, 0x00000000d8980000)
  object space 81920K, 2% used [0x0000000089c00000,0x0000000089df6ff8,0x000000008ec00000)
 Metaspace       used 14343K, capacity 14562K, committed 14720K, reserved 1062912K
  class space    used 1772K, capacity 1875K, committed 1920K, reserved 1048576K
Event: 2.443 GC heap after
Heap after GC invocations=3 (full 0):
 PSYoungGen      total 35840K, used 5088K [0x00000000d8980000, 0x00000000dcf80000, 0x0000000100000000)
  eden space 30720K, 0% used [0x00000000d8980000,0x00000000d8980000,0x00000000da780000)
  from space 5120K, 99% used [0x00000000da780000,0x00000000dac78020,0x00000000dac80000)
  to   space 5120K, 0% used [0x00000000dca80000,0x00000000dca80000,0x00000000dcf80000)
 ParOldGen       total 81920K, used 4116K [0x0000000089c00000, 0x000000008ec00000, 0x00000000d8980000)
  object space 81920K, 5% used [0x0000000089c00000,0x000000008a005090,0x000000008ec00000)
 Metaspace       used 14343K, capacity 14562K, committed 14720K, reserved 1062912K
  class space    used 1772K, capacity 1875K, committed 1920K, reserved 1048576K
}
Event: 3.009 GC heap before
{Heap before GC invocations=4 (full 0):
 PSYoungGen      total 35840K, used 35808K [0x00000000d8980000, 0x00000000dcf80000, 0x0000000100000000)
  eden space 30720K, 100% used [0x00000000d8980000,0x00000000da780000,0x00000000da780000)
  from space 5120K, 99% used [0x00000000da780000,0x00000000dac78020,0x00000000dac80000)
  to   space 5120K, 0% used [0x00000000dca80000,0x00000000dca80000,0x00000000dcf80000)
 ParOldGen       total 81920K, used 4116K [0x0000000089c00000, 0x000000008ec00000, 0x00000000d8980000)
  object space 81920K, 5% used [0x0000000089c00000,0x000000008a005090,0x000000008ec00000)
 Metaspace       used 14639K, capacity 14860K, committed 14976K, reserved 1062912K
  class space    used 1781K, capacity 1882K, committed 1920K, reserved 1048576K
Event: 3.041 GC heap after
Heap after GC invocations=4 (full 0):
 PSYoungGen      total 66560K, used 5104K [0x00000000d8980000, 0x00000000dcf80000, 0x0000000100000000)
  eden space 61440K, 0% used [0x00000000d8980000,0x00000000d8980000,0x00000000dc580000)
  from space 5120K, 99% used [0x00000000dca80000,0x00000000dcf7c010,0x00000000dcf80000)
  to   space 5120K, 0% used [0x00000000dc580000,0x00000000dc580000,0x00000000dca80000)
 ParOldGen       total 81920K, used 6196K [0x0000000089c00000, 0x000000008ec00000, 0x00000000d8980000)
  object space 81920K, 7% used [0x0000000089c00000,0x000000008a20d0a0,0x000000008ec00000)
 Metaspace       used 14639K, capacity 14860K, committed 14976K, reserved 1062912K
  class space    used 1781K, capacity 1882K, committed 1920K, reserved 1048576K
}
Event: 4.156 GC heap before
{Heap before GC invocations=5 (full 0):
 PSYoungGen      total 66560K, used 66544K [0x00000000d8980000, 0x00000000dcf80000, 0x0000000100000000)
  eden space 61440K, 100% used [0x00000000d8980000,0x00000000dc580000,0x00000000dc580000)
  from space 5120K, 99% used [0x00000000dca80000,0x00000000dcf7c010,0x00000000dcf80000)
  to   space 5120K, 0% used [0x00000000dc580000,0x00000000dc580000,0x00000000dca80000)
 ParOldGen       total 81920K, used 6196K [0x0000000089c00000, 0x000000008ec00000, 0x00000000d8980000)
  object space 81920K, 7% used [0x0000000089c00000,0x000000008a20d0a0,0x000000008ec00000)
 Metaspace       used 15658K, capacity 16022K, committed 16128K, reserved 1062912K
  class space    used 1872K, capacity 1989K, committed 2048K, reserved 1048576K
Event: 4.177 GC heap after
Heap after GC invocations=5 (full 0):
 PSYoungGen      total 66560K, used 5088K [0x00000000d8980000, 0x00000000e1580000, 0x0000000100000000)
  eden space 61440K, 0% used [0x00000000d8980000,0x00000000d8980000,0x00000000dc580000)
  from space 5120K, 99% used [0x00000000dc580000,0x00000000dca78020,0x00000000dca80000)
  to   space 10240K, 0% used [0x00000000e0b80000,0x00000000e0b80000,0x00000000e1580000)
 ParOldGen       total 81920K, used 10037K [0x0000000089c00000, 0x000000008ec00000, 0x00000000d8980000)
  object space 81920K, 12% used [0x0000000089c00000,0x000000008a5cd7d0,0x000000008ec00000)
 Metaspace       used 15658K, capacity 16022K, committed 16128K, reserved 1062912K
  class space    used 1872K, capacity 1989K, committed 2048K, reserved 1048576K
}
Event: 6.952 GC heap before
{Heap before GC invocations=6 (full 0):
 PSYoungGen      total 66560K, used 66528K [0x00000000d8980000, 0x00000000e1580000, 0x0000000100000000)
  eden space 61440K, 100% used [0x00000000d8980000,0x00000000dc580000,0x00000000dc580000)
  from space 5120K, 99% used [0x00000000dc580000,0x00000000dca78020,0x00000000dca80000)
  to   space 10240K, 0% used [0x00000000e0b80000,0x00000000e0b80000,0x00000000e1580000)
 ParOldGen       total 81920K, used 10037K [0x0000000089c00000, 0x000000008ec00000, 0x00000000d8980000)
  object space 81920K, 12% used [0x0000000089c00000,0x000000008a5cd7d0,0x000000008ec00000)
 Metaspace       used 20074K, capacity 20538K, committed 20864K, reserved 1067008K
  class space    used 2441K, capacity 2581K, committed 2688K, reserved 1048576K
Event: 7.005 GC heap after
Heap after GC invocations=6 (full 0):
 PSYoungGen      total 127488K, used 10221K [0x00000000d8980000, 0x00000000e2080000, 0x0000000100000000)
  eden space 117248K, 0% used [0x00000000d8980000,0x00000000d8980000,0x00000000dfc00000)
  from space 10240K, 99% used [0x00000000e0b80000,0x00000000e157b658,0x00000000e1580000)
  to   space 15872K, 0% used [0x00000000dfc00000,0x00000000dfc00000,0x00000000e0b80000)
 ParOldGen       total 81920K, used 17637K [0x0000000089c00000, 0x000000008ec00000, 0x00000000d8980000)
  object space 81920K, 21% used [0x0000000089c00000,0x000000008ad395d0,0x000000008ec00000)
 Metaspace       used 20074K, capacity 20538K, committed 20864K, reserved 1067008K
  class space    used 2441K, capacity 2581K, committed 2688K, reserved 1048576K
}
Event: 7.722 GC heap before
{Heap before GC invocations=7 (full 0):
 PSYoungGen      total 127488K, used 17334K [0x00000000d8980000, 0x00000000e2080000, 0x0000000100000000)
  eden space 117248K, 6% used [0x00000000d8980000,0x00000000d9072440,0x00000000dfc00000)
  from space 10240K, 99% used [0x00000000e0b80000,0x00000000e157b658,0x00000000e1580000)
  to   space 15872K, 0% used [0x00000000dfc00000,0x00000000dfc00000,0x00000000e0b80000)
 ParOldGen       total 81920K, used 17637K [0x0000000089c00000, 0x000000008ec00000, 0x00000000d8980000)
  object space 81920K, 21% used [0x0000000089c00000,0x000000008ad395d0,0x000000008ec00000)
 Metaspace       used 20811K, capacity 21178K, committed 21296K, reserved 1069056K
  class space    used 2523K, capacity 2645K, committed 2688K, reserved 1048576K

